<?xml version="1.0" encoding="UTF-8" ?>
<testsuite tests="105" failures="0" name="core.JUnitParameterization40.PrimeNumberCheckerTest" time="0.038" errors="0" skipped="0">
  <properties>
[...]
</properties>
  <testcase classname="core.JUnitParameterization40.PrimeNumberCheckerTest" name="testPrimeNumberChecker[Iteration # 0: Number: 1; isPrime? true; WTF {2}]" time="0.007"/>
  <testcase classname="core.JUnitParameterization40.PrimeNumberCheckerTest" name="testPrimeNumberChecker[Iteration # 1: Number: 2; isPrime? true; WTF {2}]" time="0"/>
  <testcase classname="core.JUnitParameterization40.PrimeNumberCheckerTest" name="testPrimeNumberChecker[Iteration # 2: Number: 6; isPrime? false; WTF {2}]" time="0"/>
  <testcase classname="core.JUnitParameterization40.PrimeNumberCheckerTest" name="testPrimeNumberChecker[Iteration # 3: Number: 19; isPrime? true; WTF {2}]" time="0"/>
  <testcase classname="core.JUnitParameterization40.PrimeNumberCheckerTest" name="testPrimeNumberChecker[Iteration # 4: Number: 22; isPrime? false; WTF {2}]" time="0"/>
  <testcase classname="core.JUnitParameterization40.PrimeNumberCheckerTest" name="testPrimeNumberChecker[Iteration # 5: Number: 1; isPrime? true; WTF {2}]" time="0"/>
  <testcase classname="core.JUnitParameterization40.PrimeNumberCheckerTest" name="testPrimeNumberChecker[Iteration # 6: Number: 2; isPrime? true; WTF {2}]" time="0"/>
  <testcase classname="core.JUnitParameterization40.PrimeNumberCheckerTest" name="testPrimeNumberChecker[Iteration # 7: Number: 3; isPrime? true; WTF {2}]" time="0"/>
  <testcase classname="core.JUnitParameterization40.PrimeNumberCheckerTest" name="testPrimeNumberChecker[Iteration # 8: Number: 5; isPrime? true; WTF {2}]" time="0"/>
  <testcase classname="core.JUnitParameterization40.PrimeNumberCheckerTest" name="testPrimeNumberChecker[Iteration # 9: Number: 7; isPrime? true; WTF {2}]" time="0"/>
  <testcase classname="core.JUnitParameterization40.PrimeNumberCheckerTest" name="testPrimeNumberChecker[Iteration # 10: Number: 11; isPrime? true; WTF {2}]" time="0.001"/>
  <testcase classname="core.JUnitParameterization40.PrimeNumberCheckerTest" name="testPrimeNumberChecker[Iteration # 11: Number: 13; isPrime? true; WTF {2}]" time="0"/>
  <testcase classname="core.JUnitParameterization40.PrimeNumberCheckerTest" name="testPrimeNumberChecker[Iteration # 12: Number: 17; isPrime? true; WTF {2}]" time="0"/>
  <testcase classname="core.JUnitParameterization40.PrimeNumberCheckerTest" name="testPrimeNumberChecker[Iteration # 13: Number: 19; isPrime? true; WTF {2}]" time="0.001"/>
  <testcase classname="core.JUnitParameterization40.PrimeNumberCheckerTest" name="testPrimeNumberChecker[Iteration # 14: Number: 23; isPrime? true; WTF {2}]" time="0"/>
  <testcase classname="core.JUnitParameterization40.PrimeNumberCheckerTest" name="testPrimeNumberChecker[Iteration # 15: Number: 29; isPrime? true; WTF {2}]" time="0.002"/>
  <testcase classname="core.JUnitParameterization40.PrimeNumberCheckerTest" name="testPrimeNumberChecker[Iteration # 16: Number: 31; isPrime? true; WTF {2}]" time="0"/>
  <testcase classname="core.JUnitParameterization40.PrimeNumberCheckerTest" name="testPrimeNumberChecker[Iteration # 17: Number: 37; isPrime? true; WTF {2}]" time="0"/>
  <testcase classname="core.JUnitParameterization40.PrimeNumberCheckerTest" name="testPrimeNumberChecker[Iteration # 18: Number: 41; isPrime? true; WTF {2}]" time="0"/>
  <testcase classname="core.JUnitParameterization40.PrimeNumberCheckerTest" name="testPrimeNumberChecker[Iteration # 19: Number: 43; isPrime? true; WTF {2}]" time="0.001"/>
  <testcase classname="core.JUnitParameterization40.PrimeNumberCheckerTest" name="testPrimeNumberChecker[Iteration # 20: Number: 47; isPrime? true; WTF {2}]" time="0.005"/>
  <testcase classname="core.JUnitParameterization40.PrimeNumberCheckerTest" name="testPrimeNumberChecker[Iteration # 21: Number: 53; isPrime? true; WTF {2}]" time="0"/>
  <testcase classname="core.JUnitParameterization40.PrimeNumberCheckerTest" name="testPrimeNumberChecker[Iteration # 22: Number: 59; isPrime? true; WTF {2}]" time="0"/>
  <testcase classname="core.JUnitParameterization40.PrimeNumberCheckerTest" name="testPrimeNumberChecker[Iteration # 23: Number: 61; isPrime? true; WTF {2}]" time="0"/>
  <testcase classname="core.JUnitParameterization40.PrimeNumberCheckerTest" name="testPrimeNumberChecker[Iteration # 24: Number: 67; isPrime? true; WTF {2}]" time="0.003"/>
  <testcase classname="core.JUnitParameterization40.PrimeNumberCheckerTest" name="testPrimeNumberChecker[Iteration # 25: Number: 71; isPrime? true; WTF {2}]" time="0"/>
  <testcase classname="core.JUnitParameterization40.PrimeNumberCheckerTest" name="testPrimeNumberChecker[Iteration # 26: Number: 73; isPrime? true; WTF {2}]" time="0"/>
  <testcase classname="core.JUnitParameterization40.PrimeNumberCheckerTest" name="testPrimeNumberChecker[Iteration # 27: Number: 79; isPrime? true; WTF {2}]" time="0.001"/>
  <testcase classname="core.JUnitParameterization40.PrimeNumberCheckerTest" name="testPrimeNumberChecker[Iteration # 28: Number: 83; isPrime? true; WTF {2}]" time="0"/>
  <testcase classname="core.JUnitParameterization40.PrimeNumberCheckerTest" name="testPrimeNumberChecker[Iteration # 29: Number: 89; isPrime? true; WTF {2}]" time="0"/>
  <testcase classname="core.JUnitParameterization40.PrimeNumberCheckerTest" name="testPrimeNumberChecker[Iteration # 30: Number: 97; isPrime? true; WTF {2}]" time="0"/>
  <testcase classname="core.JUnitParameterization40.PrimeNumberCheckerTest" name="testPrimeNumberChecker[Iteration # 31: Number: 101; isPrime? true; WTF {2}]" time="0"/>
  <testcase classname="core.JUnitParameterization40.PrimeNumberCheckerTest" name="testPrimeNumberChecker[Iteration # 32: Number: 103; isPrime? true; WTF {2}]" time="0"/>
  <testcase classname="core.JUnitParameterization40.PrimeNumberCheckerTest" name="testPrimeNumberChecker[Iteration # 33: Number: 107; isPrime? true; WTF {2}]" time="0"/>
  <testcase classname="core.JUnitParameterization40.PrimeNumberCheckerTest" name="testPrimeNumberChecker[Iteration # 34: Number: 109; isPrime? true; WTF {2}]" time="0"/>
  <testcase classname="core.JUnitParameterization40.PrimeNumberCheckerTest" name="testPrimeNumberChecker[Iteration # 35: Number: 113; isPrime? true; WTF {2}]" time="0"/>
  <testcase classname="core.JUnitParameterization40.PrimeNumberCheckerTest" name="testPrimeNumberChecker[Iteration # 36: Number: 127; isPrime? true; WTF {2}]" time="0"/>
  <testcase classname="core.JUnitParameterization40.PrimeNumberCheckerTest" name="testPrimeNumberChecker[Iteration # 37: Number: 131; isPrime? true; WTF {2}]" time="0"/>
  <testcase classname="core.JUnitParameterization40.PrimeNumberCheckerTest" name="testPrimeNumberChecker[Iteration # 38: Number: 137; isPrime? true; WTF {2}]" time="0"/>
  <testcase classname="core.JUnitParameterization40.PrimeNumberCheckerTest" name="testPrimeNumberChecker[Iteration # 39: Number: 139; isPrime? true; WTF {2}]" time="0"/>
  <testcase classname="core.JUnitParameterization40.PrimeNumberCheckerTest" name="testPrimeNumberChecker[Iteration # 40: Number: 149; isPrime? true; WTF {2}]" time="0"/>
  <testcase classname="core.JUnitParameterization40.PrimeNumberCheckerTest" name="testPrimeNumberChecker[Iteration # 41: Number: 151; isPrime? true; WTF {2}]" time="0"/>
  <testcase classname="core.JUnitParameterization40.PrimeNumberCheckerTest" name="testPrimeNumberChecker[Iteration # 42: Number: 157; isPrime? true; WTF {2}]" time="0"/>
  <testcase classname="core.JUnitParameterization40.PrimeNumberCheckerTest" name="testPrimeNumberChecker[Iteration # 43: Number: 163; isPrime? true; WTF {2}]" time="0"/>
  <testcase classname="core.JUnitParameterization40.PrimeNumberCheckerTest" name="testPrimeNumberChecker[Iteration # 44: Number: 167; isPrime? true; WTF {2}]" time="0"/>
  <testcase classname="core.JUnitParameterization40.PrimeNumberCheckerTest" name="testPrimeNumberChecker[Iteration # 45: Number: 173; isPrime? true; WTF {2}]" time="0"/>
  <testcase classname="core.JUnitParameterization40.PrimeNumberCheckerTest" name="testPrimeNumberChecker[Iteration # 46: Number: 179; isPrime? true; WTF {2}]" time="0"/>
  <testcase classname="core.JUnitParameterization40.PrimeNumberCheckerTest" name="testPrimeNumberChecker[Iteration # 47: Number: 181; isPrime? true; WTF {2}]" time="0"/>
  <testcase classname="core.JUnitParameterization40.PrimeNumberCheckerTest" name="testPrimeNumberChecker[Iteration # 48: Number: 191; isPrime? true; WTF {2}]" time="0"/>
  <testcase classname="core.JUnitParameterization40.PrimeNumberCheckerTest" name="testPrimeNumberChecker[Iteration # 49: Number: 193; isPrime? true; WTF {2}]" time="0.001"/>
  <testcase classname="core.JUnitParameterization40.PrimeNumberCheckerTest" name="testPrimeNumberChecker[Iteration # 50: Number: 197; isPrime? true; WTF {2}]" time="0"/>
  <testcase classname="core.JUnitParameterization40.PrimeNumberCheckerTest" name="testPrimeNumberChecker[Iteration # 51: Number: 199; isPrime? true; WTF {2}]" time="0"/>
  <testcase classname="core.JUnitParameterization40.PrimeNumberCheckerTest" name="testPrimeNumberChecker[Iteration # 52: Number: 211; isPrime? true; WTF {2}]" time="0"/>
  <testcase classname="core.JUnitParameterization40.PrimeNumberCheckerTest" name="testPrimeNumberChecker[Iteration # 53: Number: 223; isPrime? true; WTF {2}]" time="0.001"/>
  <testcase classname="core.JUnitParameterization40.PrimeNumberCheckerTest" name="testPrimeNumberChecker[Iteration # 54: Number: 227; isPrime? true; WTF {2}]" time="0"/>
  <testcase classname="core.JUnitParameterization40.PrimeNumberCheckerTest" name="testPrimeNumberChecker[Iteration # 55: Number: 229; isPrime? true; WTF {2}]" time="0.001"/>
  <testcase classname="core.JUnitParameterization40.PrimeNumberCheckerTest" name="testPrimeNumberChecker[Iteration # 56: Number: 233; isPrime? true; WTF {2}]" time="0"/>
  <testcase classname="core.JUnitParameterization40.PrimeNumberCheckerTest" name="testPrimeNumberChecker[Iteration # 57: Number: 239; isPrime? true; WTF {2}]" time="0.001"/>
  <testcase classname="core.JUnitParameterization40.PrimeNumberCheckerTest" name="testPrimeNumberChecker[Iteration # 58: Number: 241; isPrime? true; WTF {2}]" time="0"/>
  <testcase classname="core.JUnitParameterization40.PrimeNumberCheckerTest" name="testPrimeNumberChecker[Iteration # 59: Number: 251; isPrime? true; WTF {2}]" time="0.001"/>
  <testcase classname="core.JUnitParameterization40.PrimeNumberCheckerTest" name="testPrimeNumberChecker[Iteration # 60: Number: 257; isPrime? true; WTF {2}]" time="0"/>
  <testcase classname="core.JUnitParameterization40.PrimeNumberCheckerTest" name="testPrimeNumberChecker[Iteration # 61: Number: 263; isPrime? true; WTF {2}]" time="0"/>
  <testcase classname="core.JUnitParameterization40.PrimeNumberCheckerTest" name="testPrimeNumberChecker[Iteration # 62: Number: 269; isPrime? true; WTF {2}]" time="0"/>
  <testcase classname="core.JUnitParameterization40.PrimeNumberCheckerTest" name="testPrimeNumberChecker[Iteration # 63: Number: 271; isPrime? true; WTF {2}]" time="0"/>
  <testcase classname="core.JUnitParameterization40.PrimeNumberCheckerTest" name="testPrimeNumberChecker[Iteration # 64: Number: 277; isPrime? true; WTF {2}]" time="0.001"/>
  <testcase classname="core.JUnitParameterization40.PrimeNumberCheckerTest" name="testPrimeNumberChecker[Iteration # 65: Number: 281; isPrime? true; WTF {2}]" time="0"/>
  <testcase classname="core.JUnitParameterization40.PrimeNumberCheckerTest" name="testPrimeNumberChecker[Iteration # 66: Number: 283; isPrime? true; WTF {2}]" time="0"/>
  <testcase classname="core.JUnitParameterization40.PrimeNumberCheckerTest" name="testPrimeNumberChecker[Iteration # 67: Number: 293; isPrime? true; WTF {2}]" time="0"/>
  <testcase classname="core.JUnitParameterization40.PrimeNumberCheckerTest" name="testPrimeNumberChecker[Iteration # 68: Number: 307; isPrime? true; WTF {2}]" time="0.001"/>
  <testcase classname="core.JUnitParameterization40.PrimeNumberCheckerTest" name="testPrimeNumberChecker[Iteration # 69: Number: 311; isPrime? true; WTF {2}]" time="0"/>
  <testcase classname="core.JUnitParameterization40.PrimeNumberCheckerTest" name="testPrimeNumberChecker[Iteration # 70: Number: 313; isPrime? true; WTF {2}]" time="0.001"/>
  <testcase classname="core.JUnitParameterization40.PrimeNumberCheckerTest" name="testPrimeNumberChecker[Iteration # 71: Number: 317; isPrime? true; WTF {2}]" time="0"/>
  <testcase classname="core.JUnitParameterization40.PrimeNumberCheckerTest" name="testPrimeNumberChecker[Iteration # 72: Number: 331; isPrime? true; WTF {2}]" time="0.001"/>
  <testcase classname="core.JUnitParameterization40.PrimeNumberCheckerTest" name="testPrimeNumberChecker[Iteration # 73: Number: 337; isPrime? true; WTF {2}]" time="0"/>
  <testcase classname="core.JUnitParameterization40.PrimeNumberCheckerTest" name="testPrimeNumberChecker[Iteration # 74: Number: 347; isPrime? true; WTF {2}]" time="0.001"/>
  <testcase classname="core.JUnitParameterization40.PrimeNumberCheckerTest" name="testPrimeNumberChecker[Iteration # 75: Number: 349; isPrime? true; WTF {2}]" time="0"/>
  <testcase classname="core.JUnitParameterization40.PrimeNumberCheckerTest" name="testPrimeNumberChecker[Iteration # 76: Number: 353; isPrime? true; WTF {2}]" time="0"/>
  <testcase classname="core.JUnitParameterization40.PrimeNumberCheckerTest" name="testPrimeNumberChecker[Iteration # 77: Number: 359; isPrime? true; WTF {2}]" time="0"/>
  <testcase classname="core.JUnitParameterization40.PrimeNumberCheckerTest" name="testPrimeNumberChecker[Iteration # 78: Number: 367; isPrime? true; WTF {2}]" time="0.001"/>
  <testcase classname="core.JUnitParameterization40.PrimeNumberCheckerTest" name="testPrimeNumberChecker[Iteration # 79: Number: 373; isPrime? true; WTF {2}]" time="0.002"/>
  <testcase classname="core.JUnitParameterization40.PrimeNumberCheckerTest" name="testPrimeNumberChecker[Iteration # 80: Number: 379; isPrime? true; WTF {2}]" time="0.001"/>
  <testcase classname="core.JUnitParameterization40.PrimeNumberCheckerTest" name="testPrimeNumberChecker[Iteration # 81: Number: 383; isPrime? true; WTF {2}]" time="0"/>
  <testcase classname="core.JUnitParameterization40.PrimeNumberCheckerTest" name="testPrimeNumberChecker[Iteration # 82: Number: 389; isPrime? true; WTF {2}]" time="0"/>
  <testcase classname="core.JUnitParameterization40.PrimeNumberCheckerTest" name="testPrimeNumberChecker[Iteration # 83: Number: 397; isPrime? true; WTF {2}]" time="0.001"/>
  <testcase classname="core.JUnitParameterization40.PrimeNumberCheckerTest" name="testPrimeNumberChecker[Iteration # 84: Number: 401; isPrime? true; WTF {2}]" time="0"/>
  <testcase classname="core.JUnitParameterization40.PrimeNumberCheckerTest" name="testPrimeNumberChecker[Iteration # 85: Number: 409; isPrime? true; WTF {2}]" time="0"/>
  <testcase classname="core.JUnitParameterization40.PrimeNumberCheckerTest" name="testPrimeNumberChecker[Iteration # 86: Number: 419; isPrime? true; WTF {2}]" time="0"/>
  <testcase classname="core.JUnitParameterization40.PrimeNumberCheckerTest" name="testPrimeNumberChecker[Iteration # 87: Number: 421; isPrime? true; WTF {2}]" time="0.001"/>
  <testcase classname="core.JUnitParameterization40.PrimeNumberCheckerTest" name="testPrimeNumberChecker[Iteration # 88: Number: 431; isPrime? true; WTF {2}]" time="0"/>
  <testcase classname="core.JUnitParameterization40.PrimeNumberCheckerTest" name="testPrimeNumberChecker[Iteration # 89: Number: 433; isPrime? true; WTF {2}]" time="0"/>
  <testcase classname="core.JUnitParameterization40.PrimeNumberCheckerTest" name="testPrimeNumberChecker[Iteration # 90: Number: 439; isPrime? true; WTF {2}]" time="0"/>
  <testcase classname="core.JUnitParameterization40.PrimeNumberCheckerTest" name="testPrimeNumberChecker[Iteration # 91: Number: 443; isPrime? true; WTF {2}]" time="0"/>
  <testcase classname="core.JUnitParameterization40.PrimeNumberCheckerTest" name="testPrimeNumberChecker[Iteration # 92: Number: 449; isPrime? true; WTF {2}]" time="0"/>
  <testcase classname="core.JUnitParameterization40.PrimeNumberCheckerTest" name="testPrimeNumberChecker[Iteration # 93: Number: 457; isPrime? true; WTF {2}]" time="0"/>
  <testcase classname="core.JUnitParameterization40.PrimeNumberCheckerTest" name="testPrimeNumberChecker[Iteration # 94: Number: 461; isPrime? true; WTF {2}]" time="0"/>
  <testcase classname="core.JUnitParameterization40.PrimeNumberCheckerTest" name="testPrimeNumberChecker[Iteration # 95: Number: 463; isPrime? true; WTF {2}]" time="0"/>
  <testcase classname="core.JUnitParameterization40.PrimeNumberCheckerTest" name="testPrimeNumberChecker[Iteration # 96: Number: 467; isPrime? true; WTF {2}]" time="0.001"/>
  <testcase classname="core.JUnitParameterization40.PrimeNumberCheckerTest" name="testPrimeNumberChecker[Iteration # 97: Number: 479; isPrime? true; WTF {2}]" time="0"/>
  <testcase classname="core.JUnitParameterization40.PrimeNumberCheckerTest" name="testPrimeNumberChecker[Iteration # 98: Number: 487; isPrime? true; WTF {2}]" time="0"/>
  <testcase classname="core.JUnitParameterization40.PrimeNumberCheckerTest" name="testPrimeNumberChecker[Iteration # 99: Number: 491; isPrime? true; WTF {2}]" time="0"/>
  <testcase classname="core.JUnitParameterization40.PrimeNumberCheckerTest" name="testPrimeNumberChecker[Iteration # 100: Number: 499; isPrime? true; WTF {2}]" time="0"/>
  <testcase classname="core.JUnitParameterization40.PrimeNumberCheckerTest" name="testPrimeNumberChecker[Iteration # 101: Number: 503; isPrime? true; WTF {2}]" time="0"/>
  <testcase classname="core.JUnitParameterization40.PrimeNumberCheckerTest" name="testPrimeNumberChecker[Iteration # 102: Number: 509; isPrime? true; WTF {2}]" time="0"/>
  <testcase classname="core.JUnitParameterization40.PrimeNumberCheckerTest" name="testPrimeNumberChecker[Iteration # 103: Number: 521; isPrime? true; WTF {2}]" time="0"/>
  <testcase classname="core.JUnitParameterization40.PrimeNumberCheckerTest" name="testPrimeNumberChecker[Iteration # 104: Number: 523; isPrime? true; WTF {2}]" time="0"/>
</testsuite>